error /mnt/ilustre/users/ruiyang.gao/Database/KEGG/OrgPathway/Eukaryotes/hsa/hsa00072 not find
error /mnt/ilustre/users/ruiyang.gao/Database/KEGG/OrgPathway/Eukaryotes/hsa/hsa00471 not find
error /mnt/ilustre/users/ruiyang.gao/Database/KEGG/OrgPathway/Eukaryotes/hsa/hsa00472 not find
error /mnt/ilustre/users/ruiyang.gao/Database/KEGG/OrgPathway/Eukaryotes/ptr/ptr00072 not find
error /mnt/ilustre/users/ruiyang.gao/Database/KEGG/OrgPathway/Eukaryotes/ptr/ptr00471 not find
error /mnt/ilustre/users/ruiyang.gao/Database/KEGG/OrgPathway/Eukaryotes/ptr/ptr00472 not find
error /mnt/ilustre/users/ruiyang.gao/Database/KEGG/OrgPathway/Eukaryotes/pps/pps00072 not find
error /mnt/ilustre/users/ruiyang.gao/Database/KEGG/OrgPathway/Eukaryotes/pps/pps00471 not find
error /mnt/ilustre/users/ruiyang.gao/Database/KEGG/OrgPathway/Eukaryotes/pps/pps00472 not find
error /mnt/ilustre/users/ruiyang.gao/Database/KEGG/OrgPathway/Eukaryotes/ggo/ggo00072 not find
error /mnt/ilustre/users/ruiyang.gao/Database/KEGG/OrgPathway/Eukaryotes/ggo/ggo00471 not find
error /mnt/ilustre/users/ruiyang.gao/Database/KEGG/OrgPathway/Eukaryotes/ggo/ggo00472 not find
error /mnt/ilustre/users/ruiyang.gao/Database/KEGG/OrgPathway/Eukaryotes/pon/pon00072 not find
error /mnt/ilustre/users/ruiyang.gao/Database/KEGG/OrgPathway/Eukaryotes/pon/pon00471 not find
error /mnt/ilustre/users/ruiyang.gao/Database/KEGG/OrgPathway/Eukaryotes/pon/pon00472 not find
error /mnt/ilustre/users/ruiyang.gao/Database/KEGG/OrgPathway/Eukaryotes/nle/nle00072 not find
error /mnt/ilustre/users/ruiyang.gao/Database/KEGG/OrgPathway/Eukaryotes/nle/nle00471 not find
error /mnt/ilustre/users/ruiyang.gao/Database/KEGG/OrgPathway/Eukaryotes/nle/nle00472 not find
error /mnt/ilustre/users/ruiyang.gao/Database/KEGG/OrgPathway/Eukaryotes/mcc/mcc00072 not find
error /mnt/ilustre/users/ruiyang.gao/Database/KEGG/OrgPathway/Eukaryotes/mcc/mcc00471 not find
error /mnt/ilustre/users/ruiyang.gao/Database/KEGG/OrgPathway/Eukaryotes/mcc/mcc00472 not find
error /mnt/ilustre/users/ruiyang.gao/Database/KEGG/OrgPathway/Eukaryotes/mcf/mcf00072 not find
error /mnt/ilustre/users/ruiyang.gao/Database/KEGG/OrgPathway/Eukaryotes/mcf/mcf00471 not find
error /mnt/ilustre/users/ruiyang.gao/Database/KEGG/OrgPathway/Eukaryotes/mcf/mcf00472 not find
error /mnt/ilustre/users/ruiyang.gao/Database/KEGG/OrgPathway/Eukaryotes/csab/csab00072 not find
error /mnt/ilustre/users/ruiyang.gao/Database/KEGG/OrgPathway/Eukaryotes/csab/csab00471 not find
error /mnt/ilustre/users/ruiyang.gao/Database/KEGG/OrgPathway/Eukaryotes/csab/csab00472 not find
error /mnt/ilustre/users/ruiyang.gao/Database/KEGG/OrgPathway/Eukaryotes/caty/caty00072 not find
error /mnt/ilustre/users/ruiyang.gao/Database/KEGG/OrgPathway/Eukaryotes/caty/caty00471 not find
error /mnt/ilustre/users/ruiyang.gao/Database/KEGG/OrgPathway/Eukaryotes/caty/caty00472 not find
error /mnt/ilustre/users/ruiyang.gao/Database/KEGG/OrgPathway/Eukaryotes/rro/rro00072 not find
error /mnt/ilustre/users/ruiyang.gao/Database/KEGG/OrgPathway/Eukaryotes/rro/rro00471 not find
error /mnt/ilustre/users/ruiyang.gao/Database/KEGG/OrgPathway/Eukaryotes/rro/rro00472 not find
error /mnt/ilustre/users/ruiyang.gao/Database/KEGG/OrgPathway/Eukaryotes/rbb/rbb00072 not find
error /mnt/ilustre/users/ruiyang.gao/Database/KEGG/OrgPathway/Eukaryotes/rbb/rbb00471 not find
error /mnt/ilustre/users/ruiyang.gao/Database/KEGG/OrgPathway/Eukaryotes/rbb/rbb00472 not find
error /mnt/ilustre/users/ruiyang.gao/Database/KEGG/OrgPathway/Eukaryotes/tfn/tfn00471 not find
error /mnt/ilustre/users/ruiyang.gao/Database/KEGG/OrgPathway/Eukaryotes/tfn/tfn00472 not find
error /mnt/ilustre/users/ruiyang.gao/Database/KEGG/OrgPathway/Eukaryotes/cjc/cjc00072 not find
error /mnt/ilustre/users/ruiyang.gao/Database/KEGG/OrgPathway/Eukaryotes/cjc/cjc00471 not find
error /mnt/ilustre/users/ruiyang.gao/Database/KEGG/OrgPathway/Eukaryotes/cjc/cjc00472 not find
error /mnt/ilustre/users/ruiyang.gao/Database/KEGG/OrgPathway/Eukaryotes/sbq/sbq00072 not find
error /mnt/ilustre/users/ruiyang.gao/Database/KEGG/OrgPathway/Eukaryotes/sbq/sbq00471 not find
error /mnt/ilustre/users/ruiyang.gao/Database/KEGG/OrgPathway/Eukaryotes/sbq/sbq00472 not find
error /mnt/ilustre/users/ruiyang.gao/Database/KEGG/OrgPathway/Eukaryotes/mmur/mmur00072 not find
error /mnt/ilustre/users/ruiyang.gao/Database/KEGG/OrgPathway/Eukaryotes/mmur/mmur00471 not find
error /mnt/ilustre/users/ruiyang.gao/Database/KEGG/OrgPathway/Eukaryotes/mmur/mmur00472 not find
error /mnt/ilustre/users/ruiyang.gao/Database/KEGG/OrgPathway/Eukaryotes/mmu/mmu00072 not find
error /mnt/ilustre/users/ruiyang.gao/Database/KEGG/OrgPathway/Eukaryotes/mmu/mmu00471 not find
error /mnt/ilustre/users/ruiyang.gao/Database/KEGG/OrgPathway/Eukaryotes/mmu/mmu00472 not find
error /mnt/ilustre/users/ruiyang.gao/Database/KEGG/OrgPathway/Eukaryotes/mcal/mcal00072 not find
error /mnt/ilustre/users/ruiyang.gao/Database/KEGG/OrgPathway/Eukaryotes/mcal/mcal00471 not find
error /mnt/ilustre/users/ruiyang.gao/Database/KEGG/OrgPathway/Eukaryotes/mcal/mcal00472 not find
error /mnt/ilustre/users/ruiyang.gao/Database/KEGG/OrgPathway/Eukaryotes/mpah/mpah00072 not find
error /mnt/ilustre/users/ruiyang.gao/Database/KEGG/OrgPathway/Eukaryotes/mpah/mpah00471 not find
error /mnt/ilustre/users/ruiyang.gao/Database/KEGG/OrgPathway/Eukaryotes/mpah/mpah00472 not find
error /mnt/ilustre/users/ruiyang.gao/Database/KEGG/OrgPathway/Eukaryotes/rno/rno00072 not find
error /mnt/ilustre/users/ruiyang.gao/Database/KEGG/OrgPathway/Eukaryotes/rno/rno00471 not find
error /mnt/ilustre/users/ruiyang.gao/Database/KEGG/OrgPathway/Eukaryotes/rno/rno00472 not find
error /mnt/ilustre/users/ruiyang.gao/Database/KEGG/OrgPathway/Eukaryotes/mcoc/mcoc00072 not find
error /mnt/ilustre/users/ruiyang.gao/Database/KEGG/OrgPathway/Eukaryotes/mcoc/mcoc00471 not find
error /mnt/ilustre/users/ruiyang.gao/Database/KEGG/OrgPathway/Eukaryotes/mcoc/mcoc00472 not find
error /mnt/ilustre/users/ruiyang.gao/Database/KEGG/OrgPathway/Eukaryotes/mun/mun00072 not find
error /mnt/ilustre/users/ruiyang.gao/Database/KEGG/OrgPathway/Eukaryotes/mun/mun00471 not find
error /mnt/ilustre/users/ruiyang.gao/Database/KEGG/OrgPathway/Eukaryotes/mun/mun00472 not find
error /mnt/ilustre/users/ruiyang.gao/Database/KEGG/OrgPathway/Eukaryotes/cge/cge00072 not find
error /mnt/ilustre/users/ruiyang.gao/Database/KEGG/OrgPathway/Eukaryotes/cge/cge00471 not find
error /mnt/ilustre/users/ruiyang.gao/Database/KEGG/OrgPathway/Eukaryotes/cge/cge00472 not find
error /mnt/ilustre/users/ruiyang.gao/Database/KEGG/OrgPathway/Eukaryotes/pleu/pleu00072 not find
error /mnt/ilustre/users/ruiyang.gao/Database/KEGG/OrgPathway/Eukaryotes/pleu/pleu00471 not find
error /mnt/ilustre/users/ruiyang.gao/Database/KEGG/OrgPathway/Eukaryotes/pleu/pleu00472 not find
error /mnt/ilustre/users/ruiyang.gao/Database/KEGG/OrgPathway/Eukaryotes/ngi/ngi00072 not find
error /mnt/ilustre/users/ruiyang.gao/Database/KEGG/OrgPathway/Eukaryotes/ngi/ngi00471 not find
error /mnt/ilustre/users/ruiyang.gao/Database/KEGG/OrgPathway/Eukaryotes/ngi/ngi00472 not find
error /mnt/ilustre/users/ruiyang.gao/Database/KEGG/OrgPathway/Eukaryotes/hgl/hgl00072 not find
error /mnt/ilustre/users/ruiyang.gao/Database/KEGG/OrgPathway/Eukaryotes/hgl/hgl00471 not find
error /mnt/ilustre/users/ruiyang.gao/Database/KEGG/OrgPathway/Eukaryotes/hgl/hgl00472 not find
error /mnt/ilustre/users/ruiyang.gao/Database/KEGG/OrgPathway/Eukaryotes/ccan/ccan00072 not find
error /mnt/ilustre/users/ruiyang.gao/Database/KEGG/OrgPathway/Eukaryotes/ccan/ccan00471 not find
error /mnt/ilustre/users/ruiyang.gao/Database/KEGG/OrgPathway/Eukaryotes/ccan/ccan00472 not find
error /mnt/ilustre/users/ruiyang.gao/Database/KEGG/OrgPathway/Eukaryotes/ocu/ocu00072 not find
error /mnt/ilustre/users/ruiyang.gao/Database/KEGG/OrgPathway/Eukaryotes/ocu/ocu00471 not find
error /mnt/ilustre/users/ruiyang.gao/Database/KEGG/OrgPathway/Eukaryotes/ocu/ocu00472 not find
error /mnt/ilustre/users/ruiyang.gao/Database/KEGG/OrgPathway/Eukaryotes/tup/tup00072 not find
error /mnt/ilustre/users/ruiyang.gao/Database/KEGG/OrgPathway/Eukaryotes/tup/tup00471 not find
error /mnt/ilustre/users/ruiyang.gao/Database/KEGG/OrgPathway/Eukaryotes/tup/tup00472 not find
error /mnt/ilustre/users/ruiyang.gao/Database/KEGG/OrgPathway/Eukaryotes/cfa/cfa00072 not find
error /mnt/ilustre/users/ruiyang.gao/Database/KEGG/OrgPathway/Eukaryotes/cfa/cfa00471 not find
error /mnt/ilustre/users/ruiyang.gao/Database/KEGG/OrgPathway/Eukaryotes/cfa/cfa00472 not find
error /mnt/ilustre/users/ruiyang.gao/Database/KEGG/OrgPathway/Eukaryotes/vvp/vvp00072 not find
error /mnt/ilustre/users/ruiyang.gao/Database/KEGG/OrgPathway/Eukaryotes/vvp/vvp00471 not find
error /mnt/ilustre/users/ruiyang.gao/Database/KEGG/OrgPathway/Eukaryotes/vvp/vvp00472 not find
error /mnt/ilustre/users/ruiyang.gao/Database/KEGG/OrgPathway/Eukaryotes/aml/aml00072 not find
error /mnt/ilustre/users/ruiyang.gao/Database/KEGG/OrgPathway/Eukaryotes/aml/aml00471 not find
error /mnt/ilustre/users/ruiyang.gao/Database/KEGG/OrgPathway/Eukaryotes/aml/aml00472 not find
error /mnt/ilustre/users/ruiyang.gao/Database/KEGG/OrgPathway/Eukaryotes/umr/umr00072 not find
error /mnt/ilustre/users/ruiyang.gao/Database/KEGG/OrgPathway/Eukaryotes/umr/umr00471 not find
error /mnt/ilustre/users/ruiyang.gao/Database/KEGG/OrgPathway/Eukaryotes/umr/umr00472 not find
error /mnt/ilustre/users/ruiyang.gao/Database/KEGG/OrgPathway/Eukaryotes/uah/uah00072 not find
error /mnt/ilustre/users/ruiyang.gao/Database/KEGG/OrgPathway/Eukaryotes/uah/uah00471 not find
error /mnt/ilustre/users/ruiyang.gao/Database/KEGG/OrgPathway/Eukaryotes/uah/uah00472 not find
error /mnt/ilustre/users/ruiyang.gao/Database/KEGG/OrgPathway/Eukaryotes/oro/oro00072 not find
error /mnt/ilustre/users/ruiyang.gao/Database/KEGG/OrgPathway/Eukaryotes/oro/oro00471 not find
error /mnt/ilustre/users/ruiyang.gao/Database/KEGG/OrgPathway/Eukaryotes/oro/oro00472 not find
error /mnt/ilustre/users/ruiyang.gao/Database/KEGG/OrgPathway/Eukaryotes/elk/elk00072 not find
error /mnt/ilustre/users/ruiyang.gao/Database/KEGG/OrgPathway/Eukaryotes/elk/elk00471 not find
error /mnt/ilustre/users/ruiyang.gao/Database/KEGG/OrgPathway/Eukaryotes/elk/elk00472 not find
error /mnt/ilustre/users/ruiyang.gao/Database/KEGG/OrgPathway/Eukaryotes/mpuf/mpuf00072 not find
error /mnt/ilustre/users/ruiyang.gao/Database/KEGG/OrgPathway/Eukaryotes/mpuf/mpuf00471 not find
error /mnt/ilustre/users/ruiyang.gao/Database/KEGG/OrgPathway/Eukaryotes/mpuf/mpuf00472 not find
error /mnt/ilustre/users/ruiyang.gao/Database/KEGG/OrgPathway/Eukaryotes/eju/eju00072 not find
error /mnt/ilustre/users/ruiyang.gao/Database/KEGG/OrgPathway/Eukaryotes/eju/eju00471 not find
error /mnt/ilustre/users/ruiyang.gao/Database/KEGG/OrgPathway/Eukaryotes/eju/eju00472 not find
error /mnt/ilustre/users/ruiyang.gao/Database/KEGG/OrgPathway/Eukaryotes/fca/fca00072 not find
error /mnt/ilustre/users/ruiyang.gao/Database/KEGG/OrgPathway/Eukaryotes/fca/fca00471 not find
error /mnt/ilustre/users/ruiyang.gao/Database/KEGG/OrgPathway/Eukaryotes/fca/fca00472 not find
error /mnt/ilustre/users/ruiyang.gao/Database/KEGG/OrgPathway/Eukaryotes/ptg/ptg00072 not find
error /mnt/ilustre/users/ruiyang.gao/Database/KEGG/OrgPathway/Eukaryotes/ptg/ptg00471 not find
error /mnt/ilustre/users/ruiyang.gao/Database/KEGG/OrgPathway/Eukaryotes/ptg/ptg00472 not find
error /mnt/ilustre/users/ruiyang.gao/Database/KEGG/OrgPathway/Eukaryotes/ppad/ppad00072 not find
error /mnt/ilustre/users/ruiyang.gao/Database/KEGG/OrgPathway/Eukaryotes/ppad/ppad00471 not find
error /mnt/ilustre/users/ruiyang.gao/Database/KEGG/OrgPathway/Eukaryotes/ppad/ppad00472 not find
error /mnt/ilustre/users/ruiyang.gao/Database/KEGG/OrgPathway/Eukaryotes/aju/aju00072 not find
error /mnt/ilustre/users/ruiyang.gao/Database/KEGG/OrgPathway/Eukaryotes/aju/aju00471 not find
error /mnt/ilustre/users/ruiyang.gao/Database/KEGG/OrgPathway/Eukaryotes/aju/aju00472 not find
error /mnt/ilustre/users/ruiyang.gao/Database/KEGG/OrgPathway/Eukaryotes/hhv/hhv00072 not find
error /mnt/ilustre/users/ruiyang.gao/Database/KEGG/OrgPathway/Eukaryotes/hhv/hhv00471 not find
error /mnt/ilustre/users/ruiyang.gao/Database/KEGG/OrgPathway/Eukaryotes/hhv/hhv00472 not find
error /mnt/ilustre/users/ruiyang.gao/Database/KEGG/OrgPathway/Eukaryotes/bta/bta00072 not find
error /mnt/ilustre/users/ruiyang.gao/Database/KEGG/OrgPathway/Eukaryotes/bta/bta00471 not find
error /mnt/ilustre/users/ruiyang.gao/Database/KEGG/OrgPathway/Eukaryotes/bta/bta00472 not find
error /mnt/ilustre/users/ruiyang.gao/Database/KEGG/OrgPathway/Eukaryotes/bom/bom00072 not find
error /mnt/ilustre/users/ruiyang.gao/Database/KEGG/OrgPathway/Eukaryotes/bom/bom00471 not find
error /mnt/ilustre/users/ruiyang.gao/Database/KEGG/OrgPathway/Eukaryotes/bom/bom00472 not find
error /mnt/ilustre/users/ruiyang.gao/Database/KEGG/OrgPathway/Eukaryotes/biu/biu00072 not find
error /mnt/ilustre/users/ruiyang.gao/Database/KEGG/OrgPathway/Eukaryotes/biu/biu00471 not find
error /mnt/ilustre/users/ruiyang.gao/Database/KEGG/OrgPathway/Eukaryotes/biu/biu00472 not find
error /mnt/ilustre/users/ruiyang.gao/Database/KEGG/OrgPathway/Eukaryotes/bbub/bbub00072 not find
error /mnt/ilustre/users/ruiyang.gao/Database/KEGG/OrgPathway/Eukaryotes/bbub/bbub00471 not find
error /mnt/ilustre/users/ruiyang.gao/Database/KEGG/OrgPathway/Eukaryotes/bbub/bbub00472 not find
error /mnt/ilustre/users/ruiyang.gao/Database/KEGG/OrgPathway/Eukaryotes/chx/chx00072 not find
error /mnt/ilustre/users/ruiyang.gao/Database/KEGG/OrgPathway/Eukaryotes/chx/chx00471 not find
error /mnt/ilustre/users/ruiyang.gao/Database/KEGG/OrgPathway/Eukaryotes/chx/chx00472 not find
error /mnt/ilustre/users/ruiyang.gao/Database/KEGG/OrgPathway/Eukaryotes/oas/oas00072 not find
error /mnt/ilustre/users/ruiyang.gao/Database/KEGG/OrgPathway/Eukaryotes/oas/oas00471 not find
error /mnt/ilustre/users/ruiyang.gao/Database/KEGG/OrgPathway/Eukaryotes/oas/oas00472 not find
error /mnt/ilustre/users/ruiyang.gao/Database/KEGG/OrgPathway/Eukaryotes/oda/oda00072 not find
error /mnt/ilustre/users/ruiyang.gao/Database/KEGG/OrgPathway/Eukaryotes/oda/oda00471 not find
error /mnt/ilustre/users/ruiyang.gao/Database/KEGG/OrgPathway/Eukaryotes/oda/oda00472 not find
error /mnt/ilustre/users/ruiyang.gao/Database/KEGG/OrgPathway/Eukaryotes/ssc/ssc00072 not find
error /mnt/ilustre/users/ruiyang.gao/Database/KEGG/OrgPathway/Eukaryotes/ssc/ssc00471 not find
error /mnt/ilustre/users/ruiyang.gao/Database/KEGG/OrgPathway/Eukaryotes/ssc/ssc00472 not find
error /mnt/ilustre/users/ruiyang.gao/Database/KEGG/OrgPathway/Eukaryotes/cfr/cfr00072 not find
error /mnt/ilustre/users/ruiyang.gao/Database/KEGG/OrgPathway/Eukaryotes/cfr/cfr00471 not find
error /mnt/ilustre/users/ruiyang.gao/Database/KEGG/OrgPathway/Eukaryotes/cfr/cfr00472 not find
error /mnt/ilustre/users/ruiyang.gao/Database/KEGG/OrgPathway/Eukaryotes/cdk/cdk00072 not find
error /mnt/ilustre/users/ruiyang.gao/Database/KEGG/OrgPathway/Eukaryotes/cdk/cdk00471 not find
error /mnt/ilustre/users/ruiyang.gao/Database/KEGG/OrgPathway/Eukaryotes/cdk/cdk00472 not find
error /mnt/ilustre/users/ruiyang.gao/Database/KEGG/OrgPathway/Eukaryotes/bacu/bacu00072 not find
error /mnt/ilustre/users/ruiyang.gao/Database/KEGG/OrgPathway/Eukaryotes/bacu/bacu00471 not find
error /mnt/ilustre/users/ruiyang.gao/Database/KEGG/OrgPathway/Eukaryotes/bacu/bacu00472 not find
error /mnt/ilustre/users/ruiyang.gao/Database/KEGG/OrgPathway/Eukaryotes/lve/lve00072 not find
error /mnt/ilustre/users/ruiyang.gao/Database/KEGG/OrgPathway/Eukaryotes/lve/lve00471 not find
error /mnt/ilustre/users/ruiyang.gao/Database/KEGG/OrgPathway/Eukaryotes/lve/lve00472 not find
error /mnt/ilustre/users/ruiyang.gao/Database/KEGG/OrgPathway/Eukaryotes/oor/oor00072 not find
error /mnt/ilustre/users/ruiyang.gao/Database/KEGG/OrgPathway/Eukaryotes/oor/oor00471 not find
error /mnt/ilustre/users/ruiyang.gao/Database/KEGG/OrgPathway/Eukaryotes/oor/oor00472 not find
error /mnt/ilustre/users/ruiyang.gao/Database/KEGG/OrgPathway/Eukaryotes/dle/dle00072 not find
error /mnt/ilustre/users/ruiyang.gao/Database/KEGG/OrgPathway/Eukaryotes/dle/dle00471 not find
error /mnt/ilustre/users/ruiyang.gao/Database/KEGG/OrgPathway/Eukaryotes/dle/dle00472 not find
error /mnt/ilustre/users/ruiyang.gao/Database/KEGG/OrgPathway/Eukaryotes/pcad/pcad00072 not find
error /mnt/ilustre/users/ruiyang.gao/Database/KEGG/OrgPathway/Eukaryotes/pcad/pcad00471 not find
error /mnt/ilustre/users/ruiyang.gao/Database/KEGG/OrgPathway/Eukaryotes/pcad/pcad00472 not find
error /mnt/ilustre/users/ruiyang.gao/Database/KEGG/OrgPathway/Eukaryotes/ecb/ecb00072 not find
error /mnt/ilustre/users/ruiyang.gao/Database/KEGG/OrgPathway/Eukaryotes/ecb/ecb00471 not find
error /mnt/ilustre/users/ruiyang.gao/Database/KEGG/OrgPathway/Eukaryotes/ecb/ecb00472 not find
error /mnt/ilustre/users/ruiyang.gao/Database/KEGG/OrgPathway/Eukaryotes/epz/epz00072 not find
error /mnt/ilustre/users/ruiyang.gao/Database/KEGG/OrgPathway/Eukaryotes/epz/epz00471 not find
error /mnt/ilustre/users/ruiyang.gao/Database/KEGG/OrgPathway/Eukaryotes/epz/epz00472 not find
error /mnt/ilustre/users/ruiyang.gao/Database/KEGG/OrgPathway/Eukaryotes/eai/eai00072 not find
error /mnt/ilustre/users/ruiyang.gao/Database/KEGG/OrgPathway/Eukaryotes/eai/eai00471 not find
error /mnt/ilustre/users/ruiyang.gao/Database/KEGG/OrgPathway/Eukaryotes/eai/eai00472 not find
error /mnt/ilustre/users/ruiyang.gao/Database/KEGG/OrgPathway/Eukaryotes/myb/myb00072 not find
error /mnt/ilustre/users/ruiyang.gao/Database/KEGG/OrgPathway/Eukaryotes/myb/myb00471 not find
error /mnt/ilustre/users/ruiyang.gao/Database/KEGG/OrgPathway/Eukaryotes/myb/myb00472 not find
error /mnt/ilustre/users/ruiyang.gao/Database/KEGG/OrgPathway/Eukaryotes/myd/myd00072 not find
error /mnt/ilustre/users/ruiyang.gao/Database/KEGG/OrgPathway/Eukaryotes/myd/myd00471 not find
error /mnt/ilustre/users/ruiyang.gao/Database/KEGG/OrgPathway/Eukaryotes/myd/myd00472 not find
error /mnt/ilustre/users/ruiyang.gao/Database/KEGG/OrgPathway/Eukaryotes/mmyo/mmyo00072 not find
error /mnt/ilustre/users/ruiyang.gao/Database/KEGG/OrgPathway/Eukaryotes/mmyo/mmyo00471 not find
error /mnt/ilustre/users/ruiyang.gao/Database/KEGG/OrgPathway/Eukaryotes/mmyo/mmyo00472 not find
error /mnt/ilustre/users/ruiyang.gao/Database/KEGG/OrgPathway/Eukaryotes/mna/mna00072 not find
error /mnt/ilustre/users/ruiyang.gao/Database/KEGG/OrgPathway/Eukaryotes/mna/mna00471 not find
error /mnt/ilustre/users/ruiyang.gao/Database/KEGG/OrgPathway/Eukaryotes/mna/mna00472 not find
error /mnt/ilustre/users/ruiyang.gao/Database/KEGG/OrgPathway/Eukaryotes/hai/hai00072 not find
error /mnt/ilustre/users/ruiyang.gao/Database/KEGG/OrgPathway/Eukaryotes/hai/hai00471 not find
error /mnt/ilustre/users/ruiyang.gao/Database/KEGG/OrgPathway/Eukaryotes/hai/hai00472 not find
error /mnt/ilustre/users/ruiyang.gao/Database/KEGG/OrgPathway/Eukaryotes/dro/dro00072 not find
error /mnt/ilustre/users/ruiyang.gao/Database/KEGG/OrgPathway/Eukaryotes/dro/dro00471 not find
error /mnt/ilustre/users/ruiyang.gao/Database/KEGG/OrgPathway/Eukaryotes/dro/dro00472 not find
error /mnt/ilustre/users/ruiyang.gao/Database/KEGG/OrgPathway/Eukaryotes/shon/shon00072 not find
error /mnt/ilustre/users/ruiyang.gao/Database/KEGG/OrgPathway/Eukaryotes/shon/shon00471 not find
error /mnt/ilustre/users/ruiyang.gao/Database/KEGG/OrgPathway/Eukaryotes/shon/shon00472 not find
error /mnt/ilustre/users/ruiyang.gao/Database/KEGG/OrgPathway/Eukaryotes/ajm/ajm00072 not find
error /mnt/ilustre/users/ruiyang.gao/Database/KEGG/OrgPathway/Eukaryotes/ajm/ajm00471 not find
error /mnt/ilustre/users/ruiyang.gao/Database/KEGG/OrgPathway/Eukaryotes/ajm/ajm00472 not find
error /mnt/ilustre/users/ruiyang.gao/Database/KEGG/OrgPathway/Eukaryotes/mmf/mmf00072 not find
error /mnt/ilustre/users/ruiyang.gao/Database/KEGG/OrgPathway/Eukaryotes/mmf/mmf00471 not find
error /mnt/ilustre/users/ruiyang.gao/Database/KEGG/OrgPathway/Eukaryotes/mmf/mmf00472 not find
error /mnt/ilustre/users/ruiyang.gao/Database/KEGG/OrgPathway/Eukaryotes/pale/pale00072 not find
error /mnt/ilustre/users/ruiyang.gao/Database/KEGG/OrgPathway/Eukaryotes/pale/pale00471 not find
error /mnt/ilustre/users/ruiyang.gao/Database/KEGG/OrgPathway/Eukaryotes/pale/pale00472 not find
error /mnt/ilustre/users/ruiyang.gao/Database/KEGG/OrgPathway/Eukaryotes/ray/ray00072 not find
error /mnt/ilustre/users/ruiyang.gao/Database/KEGG/OrgPathway/Eukaryotes/ray/ray00471 not find
error /mnt/ilustre/users/ruiyang.gao/Database/KEGG/OrgPathway/Eukaryotes/ray/ray00472 not find
error /mnt/ilustre/users/ruiyang.gao/Database/KEGG/OrgPathway/Eukaryotes/mjv/mjv00072 not find
error /mnt/ilustre/users/ruiyang.gao/Database/KEGG/OrgPathway/Eukaryotes/mjv/mjv00471 not find
error /mnt/ilustre/users/ruiyang.gao/Database/KEGG/OrgPathway/Eukaryotes/mjv/mjv00472 not find
error /mnt/ilustre/users/ruiyang.gao/Database/KEGG/OrgPathway/Eukaryotes/lav/lav00072 not find
error /mnt/ilustre/users/ruiyang.gao/Database/KEGG/OrgPathway/Eukaryotes/lav/lav00471 not find
error /mnt/ilustre/users/ruiyang.gao/Database/KEGG/OrgPathway/Eukaryotes/lav/lav00472 not find
error /mnt/ilustre/users/ruiyang.gao/Database/KEGG/OrgPathway/Eukaryotes/tmu/tmu00072 not find
error /mnt/ilustre/users/ruiyang.gao/Database/KEGG/OrgPathway/Eukaryotes/tmu/tmu00471 not find
error /mnt/ilustre/users/ruiyang.gao/Database/KEGG/OrgPathway/Eukaryotes/tmu/tmu00472 not find
error /mnt/ilustre/users/ruiyang.gao/Database/KEGG/OrgPathway/Eukaryotes/mdo/mdo00072 not find
error /mnt/ilustre/users/ruiyang.gao/Database/KEGG/OrgPathway/Eukaryotes/mdo/mdo00471 not find
error /mnt/ilustre/users/ruiyang.gao/Database/KEGG/OrgPathway/Eukaryotes/mdo/mdo00472 not find
error /mnt/ilustre/users/ruiyang.gao/Database/KEGG/OrgPathway/Eukaryotes/shr/shr00072 not find
error /mnt/ilustre/users/ruiyang.gao/Database/KEGG/OrgPathway/Eukaryotes/shr/shr00471 not find
error /mnt/ilustre/users/ruiyang.gao/Database/KEGG/OrgPathway/Eukaryotes/shr/shr00472 not find
error /mnt/ilustre/users/ruiyang.gao/Database/KEGG/OrgPathway/Eukaryotes/pcw/pcw00072 not find
error /mnt/ilustre/users/ruiyang.gao/Database/KEGG/OrgPathway/Eukaryotes/pcw/pcw00471 not find
error /mnt/ilustre/users/ruiyang.gao/Database/KEGG/OrgPathway/Eukaryotes/pcw/pcw00472 not find
error /mnt/ilustre/users/ruiyang.gao/Database/KEGG/OrgPathway/Eukaryotes/oaa/oaa00072 not find
error /mnt/ilustre/users/ruiyang.gao/Database/KEGG/OrgPathway/Eukaryotes/oaa/oaa00471 not find
error /mnt/ilustre/users/ruiyang.gao/Database/KEGG/OrgPathway/Eukaryotes/oaa/oaa00472 not find
error /mnt/ilustre/users/ruiyang.gao/Database/KEGG/OrgPathway/Eukaryotes/gga/gga00072 not find
error /mnt/ilustre/users/ruiyang.gao/Database/KEGG/OrgPathway/Eukaryotes/gga/gga00471 not find
error /mnt/ilustre/users/ruiyang.gao/Database/KEGG/OrgPathway/Eukaryotes/gga/gga00472 not find
error /mnt/ilustre/users/ruiyang.gao/Database/KEGG/OrgPathway/Eukaryotes/mgp/mgp00072 not find
error /mnt/ilustre/users/ruiyang.gao/Database/KEGG/OrgPathway/Eukaryotes/mgp/mgp00471 not find
error /mnt/ilustre/users/ruiyang.gao/Database/KEGG/OrgPathway/Eukaryotes/mgp/mgp00472 not find
error /mnt/ilustre/users/ruiyang.gao/Database/KEGG/OrgPathway/Eukaryotes/cjo/cjo00072 not find
error /mnt/ilustre/users/ruiyang.gao/Database/KEGG/OrgPathway/Eukaryotes/cjo/cjo00471 not find
error /mnt/ilustre/users/ruiyang.gao/Database/KEGG/OrgPathway/Eukaryotes/cjo/cjo00472 not find
error /mnt/ilustre/users/ruiyang.gao/Database/KEGG/OrgPathway/Eukaryotes/nmel/nmel00072 not find
error /mnt/ilustre/users/ruiyang.gao/Database/KEGG/OrgPathway/Eukaryotes/nmel/nmel00471 not find
error /mnt/ilustre/users/ruiyang.gao/Database/KEGG/OrgPathway/Eukaryotes/nmel/nmel00472 not find
error /mnt/ilustre/users/ruiyang.gao/Database/KEGG/OrgPathway/Eukaryotes/apla/apla00072 not find
error /mnt/ilustre/users/ruiyang.gao/Database/KEGG/OrgPathway/Eukaryotes/apla/apla00471 not find
error /mnt/ilustre/users/ruiyang.gao/Database/KEGG/OrgPathway/Eukaryotes/acyg/acyg00072 not find
error /mnt/ilustre/users/ruiyang.gao/Database/KEGG/OrgPathway/Eukaryotes/acyg/acyg00471 not find
error /mnt/ilustre/users/ruiyang.gao/Database/KEGG/OrgPathway/Eukaryotes/acyg/acyg00472 not find
error /mnt/ilustre/users/ruiyang.gao/Database/KEGG/OrgPathway/Eukaryotes/tgu/tgu00072 not find
error /mnt/ilustre/users/ruiyang.gao/Database/KEGG/OrgPathway/Eukaryotes/tgu/tgu00471 not find
error /mnt/ilustre/users/ruiyang.gao/Database/KEGG/OrgPathway/Eukaryotes/tgu/tgu00472 not find
error /mnt/ilustre/users/ruiyang.gao/Database/KEGG/OrgPathway/Eukaryotes/lsr/lsr00072 not find
error /mnt/ilustre/users/ruiyang.gao/Database/KEGG/OrgPathway/Eukaryotes/lsr/lsr00471 not find
error /mnt/ilustre/users/ruiyang.gao/Database/KEGG/OrgPathway/Eukaryotes/lsr/lsr00472 not find
error /mnt/ilustre/users/ruiyang.gao/Database/KEGG/OrgPathway/Eukaryotes/scan/scan00072 not find
error /mnt/ilustre/users/ruiyang.gao/Database/KEGG/OrgPathway/Eukaryotes/scan/scan00471 not find
error /mnt/ilustre/users/ruiyang.gao/Database/KEGG/OrgPathway/Eukaryotes/scan/scan00472 not find
error /mnt/ilustre/users/ruiyang.gao/Database/KEGG/OrgPathway/Eukaryotes/pmoa/pmoa00072 not find
error /mnt/ilustre/users/ruiyang.gao/Database/KEGG/OrgPathway/Eukaryotes/pmoa/pmoa00471 not find
error /mnt/ilustre/users/ruiyang.gao/Database/KEGG/OrgPathway/Eukaryotes/pmoa/pmoa00472 not find
error /mnt/ilustre/users/ruiyang.gao/Database/KEGG/OrgPathway/Eukaryotes/gfr/gfr00072 not find
error /mnt/ilustre/users/ruiyang.gao/Database/KEGG/OrgPathway/Eukaryotes/gfr/gfr00471 not find
error /mnt/ilustre/users/ruiyang.gao/Database/KEGG/OrgPathway/Eukaryotes/gfr/gfr00472 not find
error /mnt/ilustre/users/ruiyang.gao/Database/KEGG/OrgPathway/Eukaryotes/fab/fab00072 not find
error /mnt/ilustre/users/ruiyang.gao/Database/KEGG/OrgPathway/Eukaryotes/fab/fab00471 not find
error /mnt/ilustre/users/ruiyang.gao/Database/KEGG/OrgPathway/Eukaryotes/fab/fab00472 not find
error /mnt/ilustre/users/ruiyang.gao/Database/KEGG/OrgPathway/Eukaryotes/phi/phi00072 not find
error /mnt/ilustre/users/ruiyang.gao/Database/KEGG/OrgPathway/Eukaryotes/phi/phi00471 not find
error /mnt/ilustre/users/ruiyang.gao/Database/KEGG/OrgPathway/Eukaryotes/phi/phi00472 not find
error /mnt/ilustre/users/ruiyang.gao/Database/KEGG/OrgPathway/Eukaryotes/pmaj/pmaj00072 not find
error /mnt/ilustre/users/ruiyang.gao/Database/KEGG/OrgPathway/Eukaryotes/pmaj/pmaj00471 not find
error /mnt/ilustre/users/ruiyang.gao/Database/KEGG/OrgPathway/Eukaryotes/pmaj/pmaj00472 not find
error /mnt/ilustre/users/ruiyang.gao/Database/KEGG/OrgPathway/Eukaryotes/ccae/ccae00072 not find
error /mnt/ilustre/users/ruiyang.gao/Database/KEGG/OrgPathway/Eukaryotes/ccae/ccae00471 not find
error /mnt/ilustre/users/ruiyang.gao/Database/KEGG/OrgPathway/Eukaryotes/ccae/ccae00472 not find
error /mnt/ilustre/users/ruiyang.gao/Database/KEGG/OrgPathway/Eukaryotes/ccw/ccw00072 not find
error /mnt/ilustre/users/ruiyang.gao/Database/KEGG/OrgPathway/Eukaryotes/ccw/ccw00471 not find
error /mnt/ilustre/users/ruiyang.gao/Database/KEGG/OrgPathway/Eukaryotes/ccw/ccw00472 not find
error /mnt/ilustre/users/ruiyang.gao/Database/KEGG/OrgPathway/Eukaryotes/etl/etl00072 not find
error /mnt/ilustre/users/ruiyang.gao/Database/KEGG/OrgPathway/Eukaryotes/etl/etl00471 not find
error /mnt/ilustre/users/ruiyang.gao/Database/KEGG/OrgPathway/Eukaryotes/etl/etl00472 not find
error /mnt/ilustre/users/ruiyang.gao/Database/KEGG/OrgPathway/Eukaryotes/fpg/fpg00072 not find
error /mnt/ilustre/users/ruiyang.gao/Database/KEGG/OrgPathway/Eukaryotes/fpg/fpg00471 not find
error /mnt/ilustre/users/ruiyang.gao/Database/KEGG/OrgPathway/Eukaryotes/fpg/fpg00472 not find
error /mnt/ilustre/users/ruiyang.gao/Database/KEGG/OrgPathway/Eukaryotes/fch/fch00072 not find
error /mnt/ilustre/users/ruiyang.gao/Database/KEGG/OrgPathway/Eukaryotes/fch/fch00471 not find
error /mnt/ilustre/users/ruiyang.gao/Database/KEGG/OrgPathway/Eukaryotes/fch/fch00472 not find
error /mnt/ilustre/users/ruiyang.gao/Database/KEGG/OrgPathway/Eukaryotes/clv/clv00072 not find
error /mnt/ilustre/users/ruiyang.gao/Database/KEGG/OrgPathway/Eukaryotes/clv/clv00471 not find
error /mnt/ilustre/users/ruiyang.gao/Database/KEGG/OrgPathway/Eukaryotes/clv/clv00472 not find
error /mnt/ilustre/users/ruiyang.gao/Database/KEGG/OrgPathway/Eukaryotes/egz/egz00072 not find
error /mnt/ilustre/users/ruiyang.gao/Database/KEGG/OrgPathway/Eukaryotes/egz/egz00471 not find
error /mnt/ilustre/users/ruiyang.gao/Database/KEGG/OrgPathway/Eukaryotes/egz/egz00472 not find
error /mnt/ilustre/users/ruiyang.gao/Database/KEGG/OrgPathway/Eukaryotes/nni/nni00072 not find
error /mnt/ilustre/users/ruiyang.gao/Database/KEGG/OrgPathway/Eukaryotes/nni/nni00471 not find
error /mnt/ilustre/users/ruiyang.gao/Database/KEGG/OrgPathway/Eukaryotes/nni/nni00472 not find
error /mnt/ilustre/users/ruiyang.gao/Database/KEGG/OrgPathway/Eukaryotes/acun/acun00072 not find
error /mnt/ilustre/users/ruiyang.gao/Database/KEGG/OrgPathway/Eukaryotes/acun/acun00471 not find
error /mnt/ilustre/users/ruiyang.gao/Database/KEGG/OrgPathway/Eukaryotes/acun/acun00472 not find
error /mnt/ilustre/users/ruiyang.gao/Database/KEGG/OrgPathway/Eukaryotes/padl/padl00072 not find
error /mnt/ilustre/users/ruiyang.gao/Database/KEGG/OrgPathway/Eukaryotes/padl/padl00471 not find
error /mnt/ilustre/users/ruiyang.gao/Database/KEGG/OrgPathway/Eukaryotes/padl/padl00472 not find
error /mnt/ilustre/users/ruiyang.gao/Database/KEGG/OrgPathway/Eukaryotes/aam/aam00072 not find
error /mnt/ilustre/users/ruiyang.gao/Database/KEGG/OrgPathway/Eukaryotes/aam/aam00471 not find
error /mnt/ilustre/users/ruiyang.gao/Database/KEGG/OrgPathway/Eukaryotes/asn/asn00072 not find
error /mnt/ilustre/users/ruiyang.gao/Database/KEGG/OrgPathway/Eukaryotes/asn/asn00471 not find
error /mnt/ilustre/users/ruiyang.gao/Database/KEGG/OrgPathway/Eukaryotes/asn/asn00472 not find
error /mnt/ilustre/users/ruiyang.gao/Database/KEGG/OrgPathway/Eukaryotes/amj/amj00072 not find
error /mnt/ilustre/users/ruiyang.gao/Database/KEGG/OrgPathway/Eukaryotes/amj/amj00471 not find
error /mnt/ilustre/users/ruiyang.gao/Database/KEGG/OrgPathway/Eukaryotes/amj/amj00472 not find
error /mnt/ilustre/users/ruiyang.gao/Database/KEGG/OrgPathway/Eukaryotes/pss/pss00072 not find
error /mnt/ilustre/users/ruiyang.gao/Database/KEGG/OrgPathway/Eukaryotes/pss/pss00471 not find
error /mnt/ilustre/users/ruiyang.gao/Database/KEGG/OrgPathway/Eukaryotes/pss/pss00472 not find
error /mnt/ilustre/users/ruiyang.gao/Database/KEGG/OrgPathway/Eukaryotes/cmy/cmy00072 not find
error /mnt/ilustre/users/ruiyang.gao/Database/KEGG/OrgPathway/Eukaryotes/cmy/cmy00471 not find
error /mnt/ilustre/users/ruiyang.gao/Database/KEGG/OrgPathway/Eukaryotes/cmy/cmy00472 not find
error /mnt/ilustre/users/ruiyang.gao/Database/KEGG/OrgPathway/Eukaryotes/cpic/cpic00072 not find
error /mnt/ilustre/users/ruiyang.gao/Database/KEGG/OrgPathway/Eukaryotes/cpic/cpic00471 not find
error /mnt/ilustre/users/ruiyang.gao/Database/KEGG/OrgPathway/Eukaryotes/cpic/cpic00472 not find
error for ko00470
no exists path /mnt/ilustre/users/ruiyang.gao/Database/KEGG/OrgPathway/Eukaryotes/pgut/pathway_pgut.txt
no exists path /mnt/ilustre/users/ruiyang.gao/Database/KEGG/OrgPathway/Eukaryotes/caua/pathway_caua.txt
no exists path /mnt/ilustre/users/ruiyang.gao/Database/KEGG/OrgPathway/Eukaryotes/ely/pathway_ely.txt
no exists path /mnt/ilustre/users/ruiyang.gao/Database/KEGG/OrgPathway/Eukaryotes/sluc/pathway_sluc.txt
no exists path /mnt/ilustre/users/ruiyang.gao/Database/KEGG/OrgPathway/Eukaryotes/msam/pathway_msam.txt
no exists path /mnt/ilustre/users/ruiyang.gao/Database/KEGG/OrgPathway/Eukaryotes/xgl/pathway_xgl.txt
no exists path /mnt/ilustre/users/ruiyang.gao/Database/KEGG/OrgPathway/Eukaryotes/loc/pathway_loc.txt
no exists path /mnt/ilustre/users/ruiyang.gao/Database/KEGG/OrgPathway/Eukaryotes/arut/pathway_arut.txt
no exists path /mnt/ilustre/users/ruiyang.gao/Database/KEGG/OrgPathway/Eukaryotes/acoz/pathway_acoz.txt
no exists path /mnt/ilustre/users/ruiyang.gao/Database/KEGG/OrgPathway/Eukaryotes/cpii/pathway_cpii.txt
no exists path /mnt/ilustre/users/ruiyang.gao/Database/KEGG/OrgPathway/Eukaryotes/dci/pathway_dci.txt
no exists path /mnt/ilustre/users/ruiyang.gao/Database/KEGG/OrgPathway/Eukaryotes/dsv/pathway_dsv.txt
no exists path /mnt/ilustre/users/ruiyang.gao/Database/KEGG/OrgPathway/Eukaryotes/aprc/pathway_aprc.txt
no exists path /mnt/ilustre/users/ruiyang.gao/Database/KEGG/OrgPathway/Eukaryotes/pdul/pathway_pdul.txt
no exists path /mnt/ilustre/users/ruiyang.gao/Database/KEGG/OrgPathway/Eukaryotes/palz/pathway_palz.txt
no exists path /mnt/ilustre/users/ruiyang.gao/Database/KEGG/OrgPathway/Eukaryotes/qlo/pathway_qlo.txt
no exists path /mnt/ilustre/users/ruiyang.gao/Database/KEGG/OrgPathway/Eukaryotes/egt/pathway_egt.txt
no exists path /mnt/ilustre/users/ruiyang.gao/Database/KEGG/OrgPathway/Eukaryotes/tgb/pathway_tgb.txt
