hsa:faa extra over
hsa:fnn extra over
ptr:faa extra over
ptr:fnn extra over
pps:faa extra over
pps:fnn extra over
ggo:faa extra over
ggo:fnn extra over
pon:faa extra over
pon:fnn extra over
nle:faa extra over
nle:fnn extra over
mcc:faa extra over
mcc:fnn extra over
mcf:faa extra over
mcf:fnn extra over
csab:faa extra over
csab:fnn extra over
caty:faa extra over
caty:fnn extra over
rro:faa extra over
rro:fnn extra over
rbb:faa extra over
rbb:fnn extra over
tfn:faa extra over
tfn:fnn extra over
cjc:faa extra over
cjc:fnn extra over
sbq:faa extra over
sbq:fnn extra over
mmur:faa extra over
mmur:fnn extra over
mmu:faa extra over
mmu:fnn extra over
mcal:faa extra over
mcal:fnn extra over
mpah:faa extra over
mpah:fnn extra over
rno:faa extra over
rno:fnn extra over
mcoc:faa extra over
mcoc:fnn extra over
mun:faa extra over
mun:fnn extra over
cge:faa extra over
cge:fnn extra over
pleu:faa extra over
pleu:fnn extra over
ngi:faa extra over
ngi:fnn extra over
hgl:faa extra over
hgl:fnn extra over
ccan:faa extra over
ccan:fnn extra over
ocu:faa extra over
ocu:fnn extra over
tup:faa extra over
tup:fnn extra over
cfa:faa extra over
cfa:fnn extra over
vvp:faa extra over
vvp:fnn extra over
aml:faa extra over
aml:fnn extra over
umr:faa extra over
umr:fnn extra over
uah:faa extra over
uah:fnn extra over
oro:faa extra over
oro:fnn extra over
elk:faa extra over
elk:fnn extra over
mpuf:faa extra over
mpuf:fnn extra over
eju:faa extra over
eju:fnn extra over
fca:faa extra over
fca:fnn extra over
ptg:faa extra over
ptg:fnn extra over
ppad:faa extra over
ppad:fnn extra over
aju:faa extra over
aju:fnn extra over
hhv:faa extra over
hhv:fnn extra over
bta:faa extra over
bta:fnn extra over
bom:faa extra over
bom:fnn extra over
biu:faa extra over
biu:fnn extra over
bbub:faa extra over
bbub:fnn extra over
chx:faa extra over
chx:fnn extra over
oas:faa extra over
oas:fnn extra over
oda:faa extra over
oda:fnn extra over
ssc:faa extra over
ssc:fnn extra over
cfr:faa extra over
cfr:fnn extra over
cdk:faa extra over
cdk:fnn extra over
bacu:faa extra over
bacu:fnn extra over
lve:faa extra over
lve:fnn extra over
oor:faa extra over
oor:fnn extra over
dle:faa extra over
dle:fnn extra over
pcad:faa extra over
pcad:fnn extra over
ecb:faa extra over
ecb:fnn extra over
epz:faa extra over
epz:fnn extra over
eai:faa extra over
eai:fnn extra over
myb:faa extra over
myb:fnn extra over
myd:faa extra over
myd:fnn extra over
mmyo:faa extra over
mmyo:fnn extra over
mna:faa extra over
mna:fnn extra over
hai:faa extra over
hai:fnn extra over
dro:faa extra over
dro:fnn extra over
shon:faa extra over
shon:fnn extra over
ajm:faa extra over
ajm:fnn extra over
mmf:faa extra over
mmf:fnn extra over
pale:faa extra over
pale:fnn extra over
ray:faa extra over
ray:fnn extra over
mjv:faa extra over
mjv:fnn extra over
lav:faa extra over
lav:fnn extra over
tmu:faa extra over
tmu:fnn extra over
mdo:faa extra over
mdo:fnn extra over
shr:faa extra over
shr:fnn extra over
pcw:faa extra over
pcw:fnn extra over
oaa:faa extra over
oaa:fnn extra over
gga:faa extra over
gga:fnn extra over
mgp:faa extra over
mgp:fnn extra over
cjo:faa extra over
cjo:fnn extra over
nmel:faa extra over
nmel:fnn extra over
apla:faa extra over
apla:fnn extra over
acyg:faa extra over
acyg:fnn extra over
tgu:faa extra over
tgu:fnn extra over
lsr:faa extra over
lsr:fnn extra over
scan:faa extra over
scan:fnn extra over
pmoa:faa extra over
pmoa:fnn extra over
gfr:faa extra over
gfr:fnn extra over
fab:faa extra over
fab:fnn extra over
phi:faa extra over
phi:fnn extra over
pmaj:faa extra over
pmaj:fnn extra over
ccae:faa extra over
ccae:fnn extra over
ccw:faa extra over
ccw:fnn extra over
etl:faa extra over
etl:fnn extra over
fpg:faa extra over
fpg:fnn extra over
fch:faa extra over
fch:fnn extra over
clv:faa extra over
clv:fnn extra over
egz:faa extra over
egz:fnn extra over
nni:faa extra over
nni:fnn extra over
acun:faa extra over
acun:fnn extra over
padl:faa extra over
padl:fnn extra over
aam:faa extra over
aam:fnn extra over
asn:faa extra over
asn:fnn extra over
amj:faa extra over
amj:fnn extra over
pss:faa extra over
pss:fnn extra over
cmy:faa extra over
cmy:fnn extra over
cpic:faa extra over
cpic:fnn extra over
tst:faa extra over
tst:fnn extra over
acs:faa extra over
acs:fnn extra over
pvt:faa extra over
pvt:fnn extra over
pbi:faa extra over
pbi:fnn extra over
pmur:faa extra over
pmur:fnn extra over
tsr:faa extra over
tsr:fnn extra over
pgut:faa extra over
pgut:fnn extra over
pmua:faa extra over
pmua:fnn extra over
zvi:faa extra over
zvi:fnn extra over
gja:faa extra over
gja:fnn extra over
xla:faa extra over
xla:fnn extra over
xtr:faa extra over
xtr:fnn extra over
npr:faa extra over
npr:fnn extra over
dre:faa extra over
dre:fnn extra over
srx:faa extra over
srx:fnn extra over
sanh:faa extra over
sanh:fnn extra over
sgh:faa extra over
sgh:fnn extra over
ccar:faa extra over
ccar:fnn extra over
caua:faa extra over
caua:fnn extra over
ipu:faa extra over
ipu:fnn extra over
phyp:faa extra over
phyp:fnn extra over
amex:faa extra over
amex:fnn extra over
eee:faa extra over
eee:fnn extra over
tru:faa extra over
tru:fnn extra over
tng:faa extra over
tng:fnn extra over
lco:faa extra over
lco:fnn extra over
ncc:faa extra over
ncc:fnn extra over
ely:faa extra over
ely:fnn extra over
sluc:faa extra over
sluc:fnn extra over
msam:faa extra over
msam:fnn extra over
mze:faa extra over
mze:fnn extra over
onl:faa extra over
onl:fnn extra over
oau:faa extra over
oau:fnn extra over
ola:faa extra over
ola:fnn extra over
xma:faa extra over
xma:fnn extra over
xco:faa extra over
xco:fnn extra over
pret:faa extra over
pret:fnn extra over
cvg:faa extra over
cvg:fnn extra over
nfu:faa extra over
nfu:fnn extra over
kmr:faa extra over
kmr:fnn extra over
alim:faa extra over
alim:fnn extra over
aoce:faa extra over
aoce:fnn extra over
csem:faa extra over
csem:fnn extra over
pov:faa extra over
pov:fnn extra over
lcf:faa extra over
lcf:fnn extra over
sdu:faa extra over
sdu:fnn extra over
slal:faa extra over
slal:fnn extra over
xgl:faa extra over
xgl:fnn extra over
hcq:faa extra over
hcq:fnn extra over
bpec:faa extra over
bpec:fnn extra over
malb:faa extra over
malb:fnn extra over
sasa:faa extra over
sasa:fnn extra over
otw:faa extra over
otw:fnn extra over
omy:faa extra over
omy:fnn extra over
salp:faa extra over
salp:fnn extra over
els:faa extra over
els:fnn extra over
sfm:faa extra over
sfm:fnn extra over
pki:faa extra over
pki:fnn extra over
loc:faa extra over
loc:fnn extra over
pspa:faa extra over
pspa:fnn extra over
arut:faa extra over
arut:fnn extra over
lcm:faa extra over
lcm:fnn extra over
cmk:faa extra over
cmk:fnn extra over
rtp:faa extra over
rtp:fnn extra over
bfo:faa extra over
bfo:fnn extra over
cin:faa extra over
cin:fnn extra over
sclv:faa extra over
sclv:fnn extra over
spu:faa extra over
spu:fnn extra over
aplc:faa extra over
aplc:fnn extra over
sko:faa extra over
sko:fnn extra over
dme:faa extra over
dme:fnn extra over
der:faa extra over
der:fnn extra over
dse:faa extra over
dse:fnn extra over
dsi:faa extra over
dsi:fnn extra over
dya:faa extra over
dya:fnn extra over
dan:faa extra over
dan:fnn extra over
dsr:faa extra over
dsr:fnn extra over
dpo:faa extra over
dpo:fnn extra over
dpe:faa extra over
dpe:fnn extra over
dmn:faa extra over
dmn:fnn extra over
dwi:faa extra over
dwi:fnn extra over
dgr:faa extra over
dgr:fnn extra over
dmo:faa extra over
dmo:fnn extra over
daz:faa extra over
daz:fnn extra over
dnv:faa extra over
dnv:fnn extra over
dhe:faa extra over
dhe:fnn extra over
dvi:faa extra over
dvi:fnn extra over
mde:faa extra over
mde:fnn extra over
lcq:faa extra over
lcq:fnn extra over
aga:faa extra over
aga:fnn extra over
acoz:faa extra over
acoz:fnn extra over
aag:faa extra over
aag:fnn extra over
aalb:faa extra over
aalb:fnn extra over
cqu:faa extra over
cqu:fnn extra over
cpii:faa extra over
cpii:fnn extra over
ame:faa extra over
ame:fnn extra over
bim:faa extra over
bim:fnn extra over
bter:faa extra over
bter:fnn extra over
ccal:faa extra over
ccal:fnn extra over
obb:faa extra over
obb:fnn extra over
soc:faa extra over
soc:fnn extra over
mpha:faa extra over
mpha:fnn extra over
aec:faa extra over
aec:fnn extra over
acep:faa extra over
acep:fnn extra over
pbar:faa extra over
pbar:fnn extra over
vem:faa extra over
vem:fnn extra over
hst:faa extra over
hst:fnn extra over
dqu:faa extra over
dqu:fnn extra over
cfo:faa extra over
cfo:fnn extra over
lhu:faa extra over
lhu:fnn extra over
pgc:faa extra over
pgc:fnn extra over
obo:faa extra over
obo:fnn extra over
pcf:faa extra over
pcf:fnn extra over
nvi:faa extra over
nvi:fnn extra over
csol:faa extra over
csol:fnn extra over
mdl:faa extra over
mdl:fnn extra over
tca:faa extra over
tca:fnn extra over
dpa:faa extra over
dpa:fnn extra over
atd:faa extra over
atd:fnn extra over
nvl:faa extra over
nvl:fnn extra over
bmor:faa extra over
bmor:fnn extra over
bman:faa extra over
bman:fnn extra over
dpl:faa extra over
dpl:fnn extra over
pmac:faa extra over
pmac:fnn extra over
prap:faa extra over
prap:fnn extra over
zce:faa extra over
zce:fnn extra over
haw:faa extra over
haw:fnn extra over
tnl:faa extra over
tnl:fnn extra over
pxy:faa extra over
pxy:fnn extra over
api:faa extra over
api:fnn extra over
dnx:faa extra over
dnx:fnn extra over
ags:faa extra over
ags:fnn extra over
rmd:faa extra over
rmd:fnn extra over
btab:faa extra over
btab:fnn extra over
dci:faa extra over
dci:fnn extra over
clec:faa extra over
clec:fnn extra over
nlu:faa extra over
nlu:fnn extra over
phu:faa extra over
phu:fnn extra over
zne:faa extra over
zne:fnn extra over
fcd:faa extra over
fcd:fnn extra over
dpx:faa extra over
dpx:fnn extra over
pvm:faa extra over
pvm:fnn extra over
eaf:faa extra over
eaf:fnn extra over
isc:faa extra over
isc:fnn extra over
dsv:faa extra over
dsv:fnn extra over
tut:faa extra over
tut:fnn extra over
dpte:faa extra over
dpte:fnn extra over
cscu:faa extra over
cscu:fnn extra over
ptep:faa extra over
ptep:fnn extra over
cel:faa extra over
cel:fnn extra over
cbr:faa extra over
cbr:fnn extra over
bmy:faa extra over
bmy:fnn extra over
loa:faa extra over
loa:fnn extra over
nai:faa extra over
nai:fnn extra over
tsp:faa extra over
tsp:fnn extra over
hro:faa extra over
hro:fnn extra over
lgi:faa extra over
lgi:fnn extra over
pcan:faa extra over
pcan:fnn extra over
crg:faa extra over
crg:fnn extra over
myi:faa extra over
myi:fnn extra over
obi:faa extra over
obi:fnn extra over
lak:faa extra over
lak:fnn extra over
smm:faa extra over
smm:fnn extra over
shx:faa extra over
shx:fnn extra over
ovi:faa extra over
ovi:fnn extra over
egl:faa extra over
egl:fnn extra over
nve:faa extra over
nve:fnn extra over
epa:faa extra over
epa:fnn extra over
adf:faa extra over
adf:fnn extra over
amil:faa extra over
amil:fnn extra over
pdam:faa extra over
pdam:fnn extra over
spis:faa extra over
spis:fnn extra over
dgt:faa extra over
dgt:fnn extra over
hmg:faa extra over
hmg:fnn extra over
tad:faa extra over
tad:fnn extra over
aqu:faa extra over
aqu:fnn extra over
ath:faa extra over
ath:fnn extra over
aly:faa extra over
aly:fnn extra over
crb:faa extra over
crb:fnn extra over
csat:faa extra over
csat:fnn extra over
eus:faa extra over
eus:fnn extra over
brp:faa extra over
brp:fnn extra over
bna:faa extra over
bna:fnn extra over
boe:faa extra over
boe:fnn extra over
rsz:faa extra over
rsz:fnn extra over
thj:faa extra over
thj:fnn extra over
cpap:faa extra over
cpap:fnn extra over
cit:faa extra over
cit:fnn extra over
cic:faa extra over
cic:fnn extra over
tcc:faa extra over
tcc:fnn extra over
gra:faa extra over
gra:fnn extra over
ghi:faa extra over
ghi:fnn extra over
gab:faa extra over
gab:fnn extra over
dzi:faa extra over
dzi:fnn extra over
egr:faa extra over
egr:fnn extra over
gmx:faa extra over
gmx:fnn extra over
gsj:faa extra over
gsj:fnn extra over
pvu:faa extra over
pvu:fnn extra over
vra:faa extra over
vra:fnn extra over
var:faa extra over
var:fnn extra over
vun:faa extra over
vun:fnn extra over
ccaj:faa extra over
ccaj:fnn extra over
aprc:faa extra over
aprc:fnn extra over
mtr:faa extra over
mtr:fnn extra over
cam:faa extra over
cam:fnn extra over
lja:faa extra over
lja:fnn extra over
adu:faa extra over
adu:fnn extra over
aip:faa extra over
aip:fnn extra over
ahf:faa extra over
ahf:fnn extra over
lang:faa extra over
lang:fnn extra over
fve:faa extra over
fve:fnn extra over
rcn:faa extra over
rcn:fnn extra over
pper:faa extra over
pper:fnn extra over
pmum:faa extra over
pmum:fnn extra over
pavi:faa extra over
pavi:fnn extra over
pdul:faa extra over
pdul:fnn extra over
mdm:faa extra over
mdm:fnn extra over
pxb:faa extra over
pxb:fnn extra over
zju:faa extra over
zju:fnn extra over
mnt:faa extra over
mnt:fnn extra over
csv:faa extra over
csv:fnn extra over
cmo:faa extra over
cmo:fnn extra over
bhj:faa extra over
bhj:fnn extra over
mcha:faa extra over
mcha:fnn extra over
cmax:faa extra over
cmax:fnn extra over
cmos:faa extra over
cmos:fnn extra over
cpep:faa extra over
cpep:fnn extra over
rcu:faa extra over
rcu:fnn extra over
jcu:faa extra over
jcu:fnn extra over
hbr:faa extra over
hbr:fnn extra over
mesc:faa extra over
mesc:fnn extra over
pop:faa extra over
pop:fnn extra over
peu:faa extra over
peu:fnn extra over
palz:faa extra over
palz:fnn extra over
jre:faa extra over
jre:fnn extra over
qsu:faa extra over
qsu:fnn extra over
qlo:faa extra over
qlo:fnn extra over
twl:faa extra over
twl:fnn extra over
vvi:faa extra over
vvi:fnn extra over
vri:faa extra over
vri:fnn extra over
sly:faa extra over
sly:fnn extra over
spen:faa extra over
spen:fnn extra over
sot:faa extra over
sot:fnn extra over
cann:faa extra over
cann:fnn extra over
nta:faa extra over
nta:fnn extra over
nsy:faa extra over
nsy:fnn extra over
nto:faa extra over
nto:fnn extra over
nau:faa extra over
nau:fnn extra over
ini:faa extra over
ini:fnn extra over
sind:faa extra over
sind:fnn extra over
oeu:faa extra over
oeu:fnn extra over
egt:faa extra over
egt:fnn extra over
han:faa extra over
han:fnn extra over
lsv:faa extra over
lsv:fnn extra over
ccav:faa extra over
ccav:fnn extra over
dcr:faa extra over
dcr:fnn extra over
bvg:faa extra over
bvg:fnn extra over
soe:faa extra over
soe:fnn extra over
cqi:faa extra over
cqi:fnn extra over
nnu:faa extra over
nnu:fnn extra over
psom:faa extra over
psom:fnn extra over
osa:faa extra over
osa:fnn extra over
dosa:faa extra over
dosa:fnn extra over
obr:faa extra over
obr:fnn extra over
bdi:faa extra over
bdi:fnn extra over
ats:faa extra over
ats:fnn extra over
tdc:faa extra over
tdc:fnn extra over
sbi:faa extra over
sbi:fnn extra over
zma:faa extra over
zma:fnn extra over
sita:faa extra over
sita:fnn extra over
pvir:faa extra over
pvir:fnn extra over
pda:faa extra over
pda:fnn extra over
egu:faa extra over
egu:fnn extra over
mus:faa extra over
mus:fnn extra over
dct:faa extra over
dct:fnn extra over
peq:faa extra over
peq:fnn extra over
aof:faa extra over
aof:fnn extra over
atr:faa extra over
atr:fnn extra over
smo:faa extra over
smo:fnn extra over
ppp:faa extra over
ppp:fnn extra over
cre:faa extra over
cre:fnn extra over
vcn:faa extra over
vcn:fnn extra over
mng:faa extra over
mng:fnn extra over
csl:faa extra over
csl:fnn extra over
cvr:faa extra over
cvr:fnn extra over
apro:faa extra over
apro:fnn extra over
olu:faa extra over
olu:fnn extra over
ota:faa extra over
ota:fnn extra over
bpg:faa extra over
bpg:fnn extra over
mis:faa extra over
mis:fnn extra over
mpp:faa extra over
mpp:fnn extra over
cme:faa extra over
cme:fnn extra over
gsl:faa extra over
gsl:fnn extra over
ccp:faa extra over
ccp:fnn extra over
sce:faa extra over
sce:fnn extra over
ago:faa extra over
ago:fnn extra over
erc:faa extra over
erc:fnn extra over
kla:faa extra over
kla:fnn extra over
kmx:faa extra over
kmx:fnn extra over
lth:faa extra over
lth:fnn extra over
vpo:faa extra over
vpo:fnn extra over
zro:faa extra over
zro:fnn extra over
cgr:faa extra over
cgr:fnn extra over
ncs:faa extra over
ncs:fnn extra over
ndi:faa extra over
ndi:fnn extra over
tpf:faa extra over
tpf:fnn extra over
tbl:faa extra over
tbl:fnn extra over
tdl:faa extra over
tdl:fnn extra over
tgb:faa extra over
tgb:fnn extra over
kaf:faa extra over
kaf:fnn extra over
zmk:faa extra over
zmk:fnn extra over
ppa:faa extra over
ppa:fnn extra over
dha:faa extra over
dha:fnn extra over
pic:faa extra over
pic:fnn extra over
pgu:faa extra over
pgu:fnn extra over
spaa:faa extra over
spaa:fnn extra over
lel:faa extra over
lel:fnn extra over
cal:faa extra over
cal:fnn extra over
ctp:faa extra over
ctp:fnn extra over
cot:faa extra over
cot:fnn extra over
cdu:faa extra over
cdu:fnn extra over
cten:faa extra over
cten:fnn extra over
yli:faa extra over
yli:fnn extra over
clu:faa extra over
clu:fnn extra over
clus:faa extra over
clus:fnn extra over
caur:faa extra over
caur:fnn extra over
slb:faa extra over
slb:fnn extra over
pkz:faa extra over
pkz:fnn extra over
bnn:faa extra over
bnn:fnn extra over
bbrx:faa extra over
bbrx:fnn extra over
ncr:faa extra over
ncr:fnn extra over
nte:faa extra over
nte:fnn extra over
smp:faa extra over
smp:fnn extra over
pan:faa extra over
pan:fnn extra over
ttt:faa extra over
ttt:fnn extra over
mtm:faa extra over
mtm:fnn extra over
cthr:faa extra over
cthr:fnn extra over
mgr:faa extra over
mgr:fnn extra over
tmn:faa extra over
tmn:fnn extra over
ssck:faa extra over
ssck:fnn extra over
fgr:faa extra over
fgr:fnn extra over
fpu:faa extra over
fpu:fnn extra over
fvr:faa extra over
fvr:fnn extra over
fox:faa extra over
fox:fnn extra over
nhe:faa extra over
nhe:fnn extra over
tre:faa extra over
tre:fnn extra over
trr:faa extra over
trr:fnn extra over
maw:faa extra over
maw:fnn extra over
maj:faa extra over
maj:fnn extra over
cmt:faa extra over
cmt:fnn extra over
plj:faa extra over
plj:fnn extra over
val:faa extra over
val:fnn extra over
vda:faa extra over
vda:fnn extra over
cfj:faa extra over
cfj:fnn extra over
sapo:faa extra over
sapo:fnn extra over
ela:faa extra over
ela:fnn extra over
pfy:faa extra over
pfy:fnn extra over
ssl:faa extra over
ssl:fnn extra over
bfu:faa extra over
bfu:fnn extra over
mbe:faa extra over
mbe:fnn extra over
psco:faa extra over
psco:fnn extra over
glz:faa extra over
glz:fnn extra over
ani:faa extra over
ani:fnn extra over
afm:faa extra over
afm:fnn extra over
act:faa extra over
act:fnn extra over
nfi:faa extra over
nfi:fnn extra over
aor:faa extra over
aor:fnn extra over
ang:faa extra over
ang:fnn extra over
afv:faa extra over
afv:fnn extra over
pcs:faa extra over
pcs:fnn extra over
pdp:faa extra over
pdp:fnn extra over
tmf:faa extra over
tmf:fnn extra over
trg:faa extra over
trg:fnn extra over
cim:faa extra over
cim:fnn extra over
cpw:faa extra over
cpw:fnn extra over
pbl:faa extra over
pbl:fnn extra over
pbn:faa extra over
pbn:fnn extra over
ure:faa extra over
ure:fnn extra over
abe:faa extra over
abe:fnn extra over
tve:faa extra over
tve:fnn extra over
aje:faa extra over
aje:fnn extra over
bgh:faa extra over
bgh:fnn extra over
pno:faa extra over
pno:fnn extra over
pte:faa extra over
pte:fnn extra over
bze:faa extra over
bze:fnn extra over
bsc:faa extra over
bsc:fnn extra over
bor:faa extra over
bor:fnn extra over
aalt:faa extra over
aalt:fnn extra over
ztr:faa extra over
ztr:fnn extra over
pfj:faa extra over
pfj:fnn extra over
bcom:faa extra over
bcom:fnn extra over
npa:faa extra over
npa:fnn extra over
tml:faa extra over
tml:fnn extra over
spo:faa extra over
spo:fnn extra over
cne:faa extra over
cne:fnn extra over
cnb:faa extra over
cnb:fnn extra over
cgi:faa extra over
cgi:fnn extra over
tms:faa extra over
tms:fnn extra over
tasa:faa extra over
tasa:fnn extra over
ppl:faa extra over
ppl:fnn extra over
tvs:faa extra over
tvs:fnn extra over
dsq:faa extra over
dsq:fnn extra over
pco:faa extra over
pco:fnn extra over
shs:faa extra over
shs:fnn extra over
hir:faa extra over
hir:fnn extra over
psq:faa extra over
psq:fnn extra over
adl:faa extra over
adl:fnn extra over
fme:faa extra over
fme:fnn extra over
gtr:faa extra over
gtr:fnn extra over
lbc:faa extra over
lbc:fnn extra over
mpr:faa extra over
mpr:fnn extra over
mrr:faa extra over
mrr:fnn extra over
cci:faa extra over
cci:fnn extra over
scm:faa extra over
scm:fnn extra over
abp:faa extra over
abp:fnn extra over
abv:faa extra over
abv:fnn extra over
cput:faa extra over
cput:fnn extra over
sla:faa extra over
sla:fnn extra over
wse:faa extra over
wse:fnn extra over
wic:faa extra over
wic:fnn extra over
uma:faa extra over
uma:fnn extra over
pfp:faa extra over
pfp:fnn extra over
mgl:faa extra over
mgl:fnn extra over
mrt:faa extra over
mrt:fnn extra over
msym:faa extra over
msym:fnn extra over
pgr:faa extra over
pgr:fnn extra over
mlr:faa extra over
mlr:fnn extra over
ecu:faa extra over
ecu:fnn extra over
ein:faa extra over
ein:fnn extra over
ehe:faa extra over
ehe:fnn extra over
ero:faa extra over
ero:fnn extra over
nce:faa extra over
nce:fnn extra over
mbr:faa extra over
mbr:fnn extra over
sre:faa extra over
sre:fnn extra over
ddi:faa extra over
ddi:fnn extra over
dpp:faa extra over
dpp:fnn extra over
dfa:faa extra over
dfa:fnn extra over
ehi:faa extra over
ehi:fnn extra over
edi:faa extra over
edi:fnn extra over
eiv:faa extra over
eiv:fnn extra over
acan:faa extra over
acan:fnn extra over
pfa:faa extra over
pfa:fnn extra over
pfd:faa extra over
pfd:fnn extra over
pfh:faa extra over
pfh:fnn extra over
pyo:faa extra over
pyo:fnn extra over
pcb:faa extra over
pcb:fnn extra over
pbe:faa extra over
pbe:fnn extra over
pkn:faa extra over
pkn:fnn extra over
pvx:faa extra over
pvx:fnn extra over
pcy:faa extra over
pcy:fnn extra over
tan:faa extra over
tan:fnn extra over
tpv:faa extra over
tpv:fnn extra over
tot:faa extra over
tot:fnn extra over
beq:faa extra over
beq:fnn extra over
bbo:faa extra over
bbo:fnn extra over
bmic:faa extra over
bmic:fnn extra over
cpv:faa extra over
cpv:fnn extra over
cho:faa extra over
cho:fnn extra over
tgo:faa extra over
tgo:fnn extra over
tet:faa extra over
tet:fnn extra over
ptm:faa extra over
ptm:fnn extra over
smin:faa extra over
smin:fnn extra over
pti:faa extra over
pti:fnn extra over
fcy:faa extra over
fcy:fnn extra over
tps:faa extra over
tps:fnn extra over
ngd:faa extra over
ngd:fnn extra over
aaf:faa extra over
aaf:fnn extra over
pif:faa extra over
pif:fnn extra over
psoj:faa extra over
psoj:fnn extra over
spar:faa extra over
spar:fnn extra over
ehx:faa extra over
ehx:fnn extra over
gtt:faa extra over
gtt:fnn extra over
tbr:faa extra over
tbr:fnn extra over
tbg:faa extra over
tbg:fnn extra over
tcr:faa extra over
tcr:fnn extra over
lma:faa extra over
lma:fnn extra over
lif:faa extra over
lif:fnn extra over
ldo:faa extra over
ldo:fnn extra over
lmi:faa extra over
lmi:fnn extra over
lbz:faa extra over
lbz:fnn extra over
lpan:faa extra over
lpan:fnn extra over
ngr:faa extra over
ngr:fnn extra over
tva:faa extra over
tva:fnn extra over
gla:faa extra over
gla:fnn extra over
