2021-10-19 09:46:40 [scrapy.downloadermiddlewares.retry] ERROR: Gave up retrying <GET https://www.kegg.jp/kegg-bin/show_pathway?map04624> (failed 4 times): [<twisted.python.failure.Failure OpenSSL.SSL.Error: [('SSL routines', 'ssl3_get_record', 'wrong version number')]>]
2021-10-19 09:46:40 [scrapy.core.scraper] ERROR: Error downloading <GET https://www.kegg.jp/kegg-bin/show_pathway?map04624>
Traceback (most recent call last):
  File "/mnt/ilustre/users/ruiyang.gao/.local/lib/python3.9/site-packages/scrapy/core/downloader/middleware.py", line 44, in process_request
    return (yield download_func(request=request, spider=spider))
twisted.web._newclient.ResponseNeverReceived: [<twisted.python.failure.Failure OpenSSL.SSL.Error: [('SSL routines', 'ssl3_get_record', 'wrong version number')]>]
2021-10-19 09:47:25 [scrapy.downloadermiddlewares.retry] ERROR: Gave up retrying <GET https://www.kegg.jp/kegg-bin/show_pathway?map05033> (failed 4 times): [<twisted.python.failure.Failure OpenSSL.SSL.Error: [('SSL routines', 'ssl3_get_record', 'wrong version number')]>]
2021-10-19 09:47:25 [scrapy.core.scraper] ERROR: Error downloading <GET https://www.kegg.jp/kegg-bin/show_pathway?map05033>
Traceback (most recent call last):
  File "/mnt/ilustre/users/ruiyang.gao/.local/lib/python3.9/site-packages/scrapy/core/downloader/middleware.py", line 44, in process_request
    return (yield download_func(request=request, spider=spider))
twisted.web._newclient.ResponseNeverReceived: [<twisted.python.failure.Failure OpenSSL.SSL.Error: [('SSL routines', 'ssl3_get_record', 'wrong version number')]>]
2021-10-19 09:48:35 [scrapy.core.engine] ERROR: Error while obtaining start requests
Traceback (most recent call last):
  File "/mnt/ilustre/users/ruiyang.gao/.local/lib/python3.9/site-packages/scrapy/core/engine.py", line 129, in _next_request
    request = next(slot.start_requests)
  File "/mnt/ilustre/users/ruiyang.gao/KEGG_Prokaryotes_html/KEGG/KEGG/spiders/kegg.py", line 52, in start_requests
    for org in org_list:
UnboundLocalError: local variable 'org_list' referenced before assignment
html: map *** map00030
html: map *** map00061
html: map *** map00120
html: map *** map00052
html: map *** map00190
html: map *** map00196
html: map *** map00121
html: map *** map00053
html: map *** map00010
html: map *** map00130
html: map *** map00073
html: map *** map00240
html: map *** map00250
html: map *** map00254
html: map *** map00253
html: map *** map00071
html: map *** map00020
html: map *** map00280
html: map *** map00051
html: map *** map00310
html: map *** map00195
html: map *** map00040
html: map *** map00232
html: map *** map00330
html: map *** map00140
html: map *** map00333
html: map *** map00300
html: map *** map00360
html: map *** map00062
html: map *** map00230
html: map *** map00363
html: map *** map00311
html: map *** map00364
html: map *** map00220
html: map *** map00340
html: map *** map00362
html: map *** map00350
html: map *** map00332
html: map *** map00380
html: map *** map00281
html: map *** map00430
html: map *** map00401
html: map *** map00361
html: map *** map00402
html: map *** map00403
html: map *** map00331
html: map *** map00410
html: map *** map00460
html: map *** map00472
html: map *** map00473
html: map *** map00365
html: map *** map00471
html: map *** map00440
html: map *** map00513
html: map *** map00514
html: map *** map00480
html: map *** map00100
html: map *** map00270
html: map *** map00510
html: map *** map00523
html: map *** map00521
html: map *** map00450
html: map *** map00511
html: map *** map00400
html: map *** map00512
html: map *** map00522
html: map *** map00520
html: map *** map00515
html: map *** map00534
html: map *** map00405
html: map *** map00261
html: map *** map00531
html: map *** map00563
html: map *** map00404
html: map *** map00561
html: map *** map00562
html: map *** map00500
html: map *** map00550
html: map *** map00524
html: map *** map00542
html: map *** map00571
html: map *** map00525
html: map *** map00260
html: map *** map00533
html: map *** map00541
html: map *** map00532
html: map *** map00604
html: map *** map00572
html: map *** map00592
html: map *** map00601
html: map *** map00624
html: map *** map00591
html: map *** map00600
html: map *** map00626
html: map *** map00603
html: map *** map00633
html: map *** map00642
html: map *** map00623
html: map *** map00650
html: map *** map00620
html: map *** map00627
html: map *** map00540
html: map *** map00680
html: map *** map00643
html: map *** map00621
html: map *** map00670
html: map *** map00625
html: map *** map00660
html: map *** map00760
html: map *** map00622
html: map *** map00785
html: map *** map00740
html: map *** map00564
html: map *** map00790
html: map *** map00901
html: map *** map00830
html: map *** map00630
html: map *** map00780
html: map *** map00730
html: map *** map00903
html: map *** map00791
html: map *** map00905
html: map *** map00904
html: map *** map00710
html: map *** map00900
html: map *** map00860
html: map *** map00920
html: map *** map00902
html: map *** map00942
html: map *** map00906
html: map *** map00908
html: map *** map00290
html: map *** map00750
html: map *** map00910
html: map *** map00943
html: map *** map00590
html: map *** map00960
html: map *** map00944
html: map *** map00980
html: map *** map00941
html: map *** map00970
html: map *** map00981
html: map *** map00940
html: map *** map00999
html: map *** map00982
html: map *** map00950
html: map *** map00983
html: map *** map00640
html: map *** map00930
html: map *** map00997
html: map *** map01051
html: map *** map00998
html: map *** map01010
html: map *** map00984
html: map *** map01055
html: map *** map01040
html: map *** map00965
html: map *** map01053
html: map *** map01056
html: map *** map01054
html: map *** map01061
html: map *** map01065
html: map *** map01060
html: map *** map01064
html: map *** map00770
html: map *** map01066
html: map *** map01057
html: map *** map01062
html: map *** map01063
html: map *** map00945
html: map *** map01052
html: map *** map01070
html: map *** map01220
html: map *** map01059
html: map *** map01502
html: map *** map01210
html: map *** map01521
html: map *** map00720
html: map *** map01522
html: map *** map01503
html: map *** map01501
html: map *** map01110
html: map *** map01523
html: map *** map01212
html: map *** map00909
html: map *** map00565
html: map *** map00966
html: map *** map02030
html: map *** map02010
html: map *** map01200
html: map *** map02026
html: map *** map02020
html: map *** map01524
html: map *** map02040
html: map *** map01230
html: map *** map03018
html: map *** map03013
html: map *** map03022
html: map *** map03020
html: map *** map03008
html: map *** map03050
html: map *** map01240
html: map *** map01058
html: map *** map03320
html: map *** map03010
html: map *** map02060
html: map *** map03040
html: map *** map03440
html: map *** map03430
html: map *** map03460
html: map *** map03410
html: map *** map03030
html: map *** map04014
html: map *** map04010
html: map *** map04012
html: map *** map03060
html: map *** map04013
html: map *** map04016
html: map *** map04020
html: map *** map04015
html: map *** map03450
html: map *** map03230
html: map *** map03070
html: map *** map02025
html: map *** map02024
html: map *** map04066
html: map *** map04064
html: map *** map03420
html: map *** map04071
html: map *** map04060
html: map *** map04022
html: map *** map04061
html: map *** map04070
html: map *** map04068
html: map *** map04080
html: map *** map04113
html: map *** map03015
html: map *** map04062
html: map *** map04130
html: map *** map04075
html: map *** map04072
html: map *** map04137
html: map *** map04111
html: map *** map04024
html: map *** map04110
html: map *** map04115
html: map *** map01120
html: map *** map04145
html: map *** map04138
html: map *** map04139
html: map *** map04136
html: map *** map04146
html: map *** map04112
html: map *** map04142
html: map *** map04212
html: map *** map04213
html: map *** map04210
html: map *** map04214
html: map *** map04140
html: map *** map04150
html: map *** map04144
html: map *** map04211
html: map *** map04260
html: map *** map04122
html: map *** map04270
html: map *** map04152
html: map *** map04216
html: map *** map04320
html: map *** map04217
html: map *** map04310
html: map *** map04360
html: map *** map04261
html: map *** map04371
html: map *** map04380
html: map *** map04011
html: map *** map04350
html: map *** map04390
html: map *** map04218
html: map *** map04141
html: map *** map04341
html: map *** map04361
html: map *** map04120
html: map *** map04215
html: map *** map04520
html: map *** map04514
html: map *** map04392
html: map *** map04610
html: map *** map04550
html: map *** map04612
html: map *** map04512
html: map *** map04611
html: map *** map04370
html: map *** map04391
html: map *** map04614
html: map *** map04330
html: map *** map04613
html: map *** map04623
html: map *** map04530
html: map *** map04622
html: map *** map04625
html: map *** map04510
html: map *** map04340
html: map *** map04620
html: map *** map04662
html: map *** map04630
html: map *** map04668
html: map *** map04657
html: map *** map04659
html: map *** map04658
html: map *** map04670
html: map *** map04672
html: map *** map04711
html: map *** map04114
html: map *** map04712
html: map *** map04713
html: map *** map04666
html: map *** map04714
html: map *** map04650
html: map *** map04723
html: map *** map04720
html: map *** map04722
html: map *** map04151
html: map *** map04721
html: map *** map04728
html: map *** map04730
html: map *** map04727
html: map *** map04742
html: map *** map04540
html: map *** map04744
html: map *** map04745
html: map *** map04750
html: map *** map04740
html: map *** map04626
html: map *** map04912
html: map *** map04915
html: map *** map04914
html: map *** map04621
html: map *** map04913
html: map *** map04910
html: map *** map04917
html: map *** map04725
html: map *** map04919
html: map *** map04911
html: map *** map04916
html: map *** map04925
html: map *** map04923
html: map *** map04921
html: map *** map04926
html: map *** map04918
html: map *** map04927
html: map *** map04930
html: map *** map04928
html: map *** map04664
html: map *** map04933
html: map *** map04920
html: map *** map04660
html: map *** map04934
html: map *** map04922
html: map *** map04710
html: map *** map04931
html: map *** map04960
html: map *** map04950
html: map *** map04924
html: map *** map04932
html: map *** map04640
html: map *** map04810
html: map *** map04964
html: map *** map04966
html: map *** map04935
html: map *** map04973
html: map *** map04975
html: map *** map04972
html: map *** map04974
html: map *** map04724
html: map *** map05010
html: map *** map04961
html: map *** map04976
html: map *** map04962
html: map *** map04929
html: map *** map04940
html: map *** map05020
html: map *** map04977
html: map *** map05022
html: map *** map05014
html: map *** map05032
html: map *** map04978
html: map *** map05012
html: map *** map05100
html: map *** map05034
html: map *** map05017
html: map *** map04979
html: map *** map04726
html: map *** map05130
html: map *** map05111
html: map *** map05110
html: map *** map05134
html: map *** map05133
html: map *** map05144
html: map *** map05145
html: map *** map05135
html: map *** map05140
html: map *** map05030
html: map *** map05031
html: map *** map05146
html: map *** map05152
html: map *** map05143
html: map *** map05163
html: map *** map05142
html: map *** map05166
html: map *** map05161
html: map *** map05162
html: map *** map05160
html: map *** map05170
html: map *** map05132
html: map *** map05164
html: map *** map05167
html: map *** map05131
html: map *** map05168
html: map *** map05150
html: map *** map04971
html: map *** map05206
html: map *** map05169
html: map *** map05165
html: map *** map05200
html: map *** map05171
html: map *** map05211
html: map *** map05213
html: map *** map05210
html: map *** map05204
html: map *** map05216
html: map *** map05217
html: map *** map05212
html: map *** map05207
html: map *** map05215
html: map *** map05208
html: map *** map05223
html: map *** map05224
html: map *** map05202
html: map *** map05120
html: map *** map05225
html: map *** map05235
html: map *** map05221
html: map *** map05310
html: map *** map05320
html: map *** map05219
html: map *** map05218
html: map *** map05222
html: map *** map05321
html: map *** map05230
html: map *** map04970
html: map *** map05410
html: map *** map05220
html: map *** map05322
html: map *** map05412
html: map *** map05016
html: map *** map05330
html: map *** map05226
html: map *** map05415
html: map *** map05340
html: map *** map05418
html: map *** map07011
html: map *** map05416
html: map *** map07015
html: map *** map05414
html: map *** map07014
html: map *** map07019
html: map *** map07013
html: map *** map07018
html: map *** map07021
html: map *** map07023
html: map *** map07016
html: map *** map05417
html: map *** map07026
html: map *** map05203
html: map *** map07025
html: map *** map07012
html: map *** map07030
html: map *** map07029
html: map *** map07028
html: map *** map07033
html: map *** map07027
html: map *** map07032
html: map *** map07031
html: map *** map07034
html: map *** map07024
html: map *** map07017
html: map *** map07036
html: map *** map05231
html: map *** map07040
html: map *** map07038
html: map *** map07037
html: map *** map07041
html: map *** map07042
html: map *** map07049
html: map *** map07039
html: map *** map07051
html: map *** map07043
html: map *** map07044
html: map *** map07046
html: map *** map07047
html: map *** map07048
html: map *** map07050
html: map *** map07035
html: map *** map07057
html: map *** map07110
html: map *** map07055
html: map *** map07045
html: map *** map07114
html: map *** map07053
html: map *** map05214
html: map *** map07212
html: map *** map07117
html: map *** map07112
html: map *** map07213
html: map *** map07215
html: map *** map07054
html: map *** map07217
html: map *** map07218
html: map *** map07220
html: map *** map07221
html: map *** map05205
html: map *** map07219
html: map *** map07211
html: map *** map07223
html: map *** map07228
html: map *** map07225
html: map *** map05332
html: map *** map07227
html: map *** map07222
html: map *** map07214
html: map *** map07233
html: map *** map07224
html: map *** map07226
html: map *** map07234
html: map *** map07235
html: map *** map07020
html: map *** map07230
html: map *** map07052
html: map *** map07229
html: map *** map05323
html: map *** map07056
html: map *** map07216
html: map *** map07231
html: map *** map07232
html: map *** map01100
