2021-09-30-12_17_39 : ppp:arrange over
2021-09-30-12_25_23 : cre:arrange over
2021-09-30-12_39_05 : vcn:arrange over
2021-09-30-12_55_43 : mng:arrange over
2021-09-30-13_04_19 : csl:arrange over
2021-09-30-13_13_04 : cvr:arrange over
2021-09-30-13_19_36 : apro:arrange over
2021-09-30-13_26_48 : olu:arrange over
2021-09-30-13_34_19 : ota:arrange over
2021-09-30-13_41_21 : bpg:arrange over
2021-09-30-13_50_50 : mis:arrange over
2021-09-30-14_00_07 : mpp:arrange over
2021-09-30-14_04_37 : cme:arrange over
2021-09-30-14_11_05 : gsl:arrange over
2021-09-30-14_20_12 : ccp:arrange over
2021-09-30-14_26_19 : sce:arrange over
2021-09-30-14_32_47 : ago:arrange over
2021-09-30-14_38_57 : erc:arrange over
2021-09-30-14_44_14 : kla:arrange over
2021-09-30-14_49_29 : kmx:arrange over
2021-09-30-14_54_44 : lth:arrange over
2021-09-30-14_59_27 : vpo:arrange over
2021-09-30-15_04_11 : zro:arrange over
2021-09-30-15_09_02 : cgr:arrange over
2021-09-30-15_14_40 : ncs:arrange over
2021-09-30-15_20_30 : ndi:arrange over
2021-09-30-15_26_01 : tpf:arrange over
2021-09-30-15_31_54 : tbl:arrange over
2021-09-30-15_37_10 : tdl:arrange over
2021-09-30-15_42_22 : tgb:arrange over
2021-09-30-15_47_46 : kaf:arrange over
2021-09-30-15_53_02 : zmk:arrange over
2021-09-30-15_57_46 : ppa:arrange over
2021-09-30-16_03_45 : dha:arrange over
2021-09-30-16_09_08 : pic:arrange over
2021-09-30-16_14_58 : pgu:arrange over
2021-09-30-16_21_01 : spaa:arrange over
2021-09-30-16_26_45 : lel:arrange over
2021-09-30-16_33_00 : cal:arrange over
2021-09-30-16_39_06 : ctp:arrange over
2021-09-30-16_44_27 : cot:arrange over
2021-09-30-16_49_52 : cdu:arrange over
2021-09-30-16_55_02 : cten:arrange over
2021-09-30-17_01_58 : yli:arrange over
2021-09-30-17_07_51 : clu:arrange over
2021-09-30-17_14_00 : clus:arrange over
2021-09-30-17_19_26 : caur:arrange over
2021-09-30-17_24_24 : slb:arrange over
2021-09-30-17_29_06 : pkz:arrange over
2021-09-30-17_33_24 : bnn:arrange over
2021-09-30-17_38_21 : bbrx:arrange over
2021-09-30-17_48_07 : ncr:arrange over
2021-09-30-17_58_22 : nte:arrange over
2021-09-30-18_07_47 : smp:arrange over
2021-09-30-18_17_17 : pan:arrange over
2021-09-30-18_26_28 : ttt:arrange over
2021-09-30-18_35_47 : mtm:arrange over
2021-09-30-18_42_57 : cthr:arrange over
2021-09-30-18_55_21 : mgr:arrange over
2021-09-30-19_03_28 : tmn:arrange over
2021-09-30-19_12_55 : ssck:arrange over
2021-09-30-19_25_18 : fgr:arrange over
2021-09-30-19_37_26 : fpu:arrange over
2021-09-30-19_51_43 : fvr:arrange over
2021-09-30-20_11_18 : fox:arrange over
2021-09-30-20_26_36 : nhe:arrange over
2021-09-30-20_34_59 : tre:arrange over
2021-09-30-20_44_05 : trr:arrange over
2021-09-30-20_53_17 : maw:arrange over
2021-09-30-21_04_32 : maj:arrange over
2021-09-30-21_13_28 : cmt:arrange over
2021-09-30-21_24_04 : plj:arrange over
2021-09-30-21_34_24 : val:arrange over
2021-09-30-21_44_22 : vda:arrange over
2021-09-30-21_57_12 : cfj:arrange over
2021-09-30-22_04_42 : sapo:arrange over
2021-09-30-22_15_22 : ela:arrange over
2021-09-30-22_30_22 : pfy:arrange over
2021-09-30-22_43_20 : ssl:arrange over
2021-09-30-22_54_35 : bfu:arrange over
2021-09-30-23_04_08 : mbe:arrange over
2021-09-30-23_21_49 : psco:arrange over
2021-09-30-23_33_31 : glz:arrange over
2021-09-30-23_42_10 : ani:arrange over
2021-09-30-23_51_18 : afm:arrange over
2021-10-01-00_00_10 : act:arrange over
2021-10-01-00_10_11 : nfi:arrange over
2021-10-01-00_21_37 : aor:arrange over
2021-10-01-00_31_13 : ang:arrange over
2021-10-01-00_44_31 : afv:arrange over
2021-10-01-00_56_59 : pcs:arrange over
2021-10-01-01_05_17 : pdp:arrange over
2021-10-01-01_14_48 : tmf:arrange over
2021-10-01-01_25_42 : trg:arrange over
2021-10-01-01_34_32 : cim:arrange over
2021-10-01-01_41_28 : cpw:arrange over
2021-10-01-01_50_00 : pbl:arrange over
2021-10-01-01_58_04 : pbn:arrange over
2021-10-01-02_05_35 : ure:arrange over
2021-10-01-02_12_52 : abe:arrange over
2021-10-01-02_20_17 : tve:arrange over
2021-10-01-02_29_07 : aje:arrange over
2021-10-01-02_38_19 : bgh:arrange over
2021-10-01-02_52_53 : pno:arrange over
2021-10-01-03_02_52 : pte:arrange over
2021-10-01-03_13_32 : bze:arrange over
2021-10-01-03_24_04 : bsc:arrange over
2021-10-01-03_34_24 : bor:arrange over
2021-10-01-03_46_13 : aalt:arrange over
2021-10-01-03_56_05 : ztr:arrange over
2021-10-01-04_07_56 : pfj:arrange over
2021-10-01-04_16_58 : bcom:arrange over
2021-10-01-04_25_18 : npa:arrange over
2021-10-01-04_32_11 : tml:arrange over
2021-10-01-04_37_04 : spo:arrange over
2021-10-01-04_43_25 : cne:arrange over
2021-10-01-04_49_13 : cnb:arrange over
2021-10-01-04_54_51 : cgi:arrange over
2021-10-01-05_01_57 : tms:arrange over
2021-10-01-05_09_39 : tasa:arrange over
2021-10-01-05_17_46 : ppl:arrange over
2021-10-01-05_30_15 : tvs:arrange over
2021-10-01-05_40_45 : dsq:arrange over
2021-10-01-05_52_34 : pco:arrange over
2021-10-01-06_04_38 : shs:arrange over
2021-10-01-06_16_47 : hir:arrange over
2021-10-01-06_27_00 : psq:arrange over
2021-10-01-06_48_14 : adl:arrange over
2021-10-01-06_58_24 : fme:arrange over
2021-10-01-07_08_50 : gtr:arrange over
2021-10-01-07_25_10 : lbc:arrange over
2021-10-01-07_37_32 : mpr:arrange over
2021-10-01-07_53_53 : mrr:arrange over
2021-10-01-08_05_48 : cci:arrange over
2021-10-01-08_17_34 : scm:arrange over
2021-10-01-08_26_00 : abp:arrange over
2021-10-01-08_31_29 : abv:arrange over
2021-10-01-08_38_54 : cput:arrange over
2021-10-01-08_45_45 : sla:arrange over
2021-10-01-08_48_48 : wse:arrange over
2021-10-01-08_51_36 : wic:arrange over
2021-10-01-08_55_30 : uma:arrange over
2021-10-01-08_59_35 : pfp:arrange over
2021-10-01-09_02_28 : mgl:arrange over
2021-10-01-09_05_23 : mrt:arrange over
2021-10-01-09_07_31 : msym:arrange over
2021-10-01-09_17_40 : pgr:arrange over
2021-10-01-09_28_22 : mlr:arrange over
2021-10-01-09_29_37 : ecu:arrange over
2021-10-01-09_30_52 : ein:arrange over
2021-10-01-09_32_04 : ehe:arrange over
2021-10-01-09_33_13 : ero:arrange over
2021-10-01-09_34_32 : nce:arrange over
2021-10-01-09_40_12 : mbr:arrange over
2021-10-01-09_47_30 : sre:arrange over
2021-10-01-09_55_39 : ddi:arrange over
2021-10-01-10_03_22 : dpp:arrange over
2021-10-01-10_11_08 : dfa:arrange over
2021-10-01-10_16_06 : ehi:arrange over
2021-10-01-10_21_32 : edi:arrange over
2021-10-01-10_28_55 : eiv:arrange over
2021-10-01-10_37_57 : acan:arrange over
2021-10-01-10_41_24 : pfa:arrange over
2021-10-01-10_44_28 : pfd:arrange over
2021-10-01-10_47_40 : pfh:arrange over
2021-10-01-10_51_17 : pyo:arrange over
2021-10-01-10_54_31 : pcb:arrange over
2021-10-01-10_57_36 : pbe:arrange over
2021-10-01-11_00_53 : pkn:arrange over
2021-10-01-11_04_13 : pvx:arrange over
2021-10-01-11_07_41 : pcy:arrange over
2021-10-01-11_10_03 : tan:arrange over
2021-10-01-11_12_32 : tpv:arrange over
2021-10-01-11_14_58 : tot:arrange over
2021-10-01-11_18_12 : beq:arrange over
2021-10-01-11_20_36 : bbo:arrange over
2021-10-01-11_22_51 : bmic:arrange over
2021-10-01-11_25_14 : cpv:arrange over
2021-10-01-11_27_43 : cho:arrange over
2021-10-01-11_32_53 : tgo:arrange over
2021-10-01-11_50_05 : tet:arrange over
2021-10-01-12_15_18 : ptm:arrange over
2021-10-01-12_45_45 : smin:arrange over
2021-10-01-12_52_11 : pti:arrange over
2021-10-01-13_03_26 : fcy:arrange over
2021-10-01-13_10_24 : tps:arrange over
2021-10-01-13_12_40 : ngd:arrange over
2021-10-01-13_20_00 : aaf:arrange over
2021-10-01-13_31_29 : pif:arrange over
2021-10-01-13_48_48 : psoj:arrange over
2021-10-01-14_02_10 : spar:arrange over
2021-10-01-14_27_42 : ehx:arrange over
2021-10-01-14_44_08 : gtt:arrange over
2021-10-01-14_50_12 : tbr:arrange over
2021-10-01-14_57_12 : tbg:arrange over
2021-10-01-15_12_00 : tcr:arrange over
2021-10-01-15_19_19 : lma:arrange over
2021-10-01-15_25_32 : lif:arrange over
2021-10-01-15_31_33 : ldo:arrange over
2021-10-01-15_37_37 : lmi:arrange over
2021-10-01-15_43_39 : lbz:arrange over
2021-10-01-15_49_18 : lpan:arrange over
2021-10-01-16_01_02 : ngr:arrange over
2021-10-01-16_47_53 : tva:arrange over
2021-10-01-16_51_43 : gla:arrange over
